{"C:\\Users\\Acer\\Desktop\\MyProject\\lib\\content.js": {"path":"C:\\Users\\Acer\\Desktop\\MyProject\\lib\\content.js","statementMap":{"0":{"start":{"line":1,"column":16},"end":{"line":7,"column":1}},"1":{"start":{"line":9,"column":0},"end":{"line":12,"column":1}},"2":{"start":{"line":10,"column":16},"end":{"line":10,"column":56}},"3":{"start":{"line":11,"column":4},"end":{"line":11,"column":23}}},"fnMap":{"0":{"name":"(anonymous_0)","decl":{"start":{"line":9,"column":21},"end":{"line":9,"column":22}},"loc":{"start":{"line":9,"column":27},"end":{"line":12,"column":1}},"line":9}},"branchMap":{},"s":{"0":1,"1":1,"2":0,"3":0},"f":{"0":0},"b":{},"_coverageSchema":"1a1c01bbd47fc00a2c39e90264f33305004495a9","hash":"3363f4edf7f86865df848bc8514f96f5f4a485a0"}
,"C:\\Users\\Acer\\Desktop\\MyProject\\lib\\headers.js": {"path":"C:\\Users\\Acer\\Desktop\\MyProject\\lib\\headers.js","statementMap":{"0":{"start":{"line":2,"column":17},"end":{"line":2,"column":35}},"1":{"start":{"line":3,"column":16},"end":{"line":3,"column":41}},"2":{"start":{"line":4,"column":15},"end":{"line":4,"column":23}},"3":{"start":{"line":6,"column":13},"end":{"line":6,"column":38}},"4":{"start":{"line":7,"column":13},"end":{"line":7,"column":38}},"5":{"start":{"line":8,"column":14},"end":{"line":8,"column":40}},"6":{"start":{"line":14,"column":0},"end":{"line":21,"column":1}},"7":{"start":{"line":15,"column":4},"end":{"line":19,"column":6}},"8":{"start":{"line":23,"column":0},"end":{"line":28,"column":1}},"9":{"start":{"line":24,"column":4},"end":{"line":27,"column":6}},"10":{"start":{"line":25,"column":8},"end":{"line":25,"column":30}},"11":{"start":{"line":25,"column":19},"end":{"line":25,"column":30}},"12":{"start":{"line":26,"column":8},"end":{"line":26,"column":25}},"13":{"start":{"line":30,"column":0},"end":{"line":37,"column":1}},"14":{"start":{"line":31,"column":18},"end":{"line":34,"column":6}},"15":{"start":{"line":35,"column":4},"end":{"line":35,"column":22}},"16":{"start":{"line":36,"column":4},"end":{"line":36,"column":25}},"17":{"start":{"line":41,"column":0},"end":{"line":47,"column":1}},"18":{"start":{"line":42,"column":18},"end":{"line":42,"column":35}},"19":{"start":{"line":43,"column":4},"end":{"line":46,"column":6}},"20":{"start":{"line":49,"column":0},"end":{"line":56,"column":1}},"21":{"start":{"line":50,"column":18},"end":{"line":53,"column":6}},"22":{"start":{"line":54,"column":4},"end":{"line":54,"column":23}},"23":{"start":{"line":55,"column":4},"end":{"line":55,"column":26}},"24":{"start":{"line":62,"column":0},"end":{"line":65,"column":1}},"25":{"start":{"line":63,"column":4},"end":{"line":64,"column":31}},"26":{"start":{"line":68,"column":0},"end":{"line":84,"column":1}},"27":{"start":{"line":69,"column":4},"end":{"line":83,"column":28}},"28":{"start":{"line":70,"column":42},"end":{"line":70,"column":50}},"29":{"start":{"line":71,"column":21},"end":{"line":71,"column":51}},"30":{"start":{"line":73,"column":8},"end":{"line":82,"column":9}},"31":{"start":{"line":74,"column":12},"end":{"line":74,"column":37}},"32":{"start":{"line":75,"column":12},"end":{"line":75,"column":34}},"33":{"start":{"line":78,"column":25},"end":{"line":79,"column":35}},"34":{"start":{"line":80,"column":12},"end":{"line":80,"column":29}},"35":{"start":{"line":81,"column":12},"end":{"line":81,"column":34}},"36":{"start":{"line":83,"column":13},"end":{"line":83,"column":27}},"37":{"start":{"line":87,"column":0},"end":{"line":112,"column":1}},"38":{"start":{"line":88,"column":4},"end":{"line":111,"column":23}},"39":{"start":{"line":89,"column":33},"end":{"line":89,"column":41}},"40":{"start":{"line":90,"column":21},"end":{"line":90,"column":51}},"41":{"start":{"line":91,"column":8},"end":{"line":109,"column":9}},"42":{"start":{"line":92,"column":25},"end":{"line":92,"column":51}},"43":{"start":{"line":93,"column":12},"end":{"line":104,"column":39}},"44":{"start":{"line":94,"column":16},"end":{"line":94,"column":41}},"45":{"start":{"line":95,"column":16},"end":{"line":95,"column":41}},"46":{"start":{"line":96,"column":16},"end":{"line":96,"column":50}},"47":{"start":{"line":97,"column":16},"end":{"line":101,"column":18}},"48":{"start":{"line":98,"column":20},"end":{"line":98,"column":40}},"49":{"start":{"line":98,"column":29},"end":{"line":98,"column":40}},"50":{"start":{"line":99,"column":20},"end":{"line":99,"column":48}},"51":{"start":{"line":100,"column":20},"end":{"line":100,"column":42}},"52":{"start":{"line":103,"column":16},"end":{"line":103,"column":46}},"53":{"start":{"line":104,"column":16},"end":{"line":104,"column":38}},"54":{"start":{"line":107,"column":12},"end":{"line":107,"column":41}},"55":{"start":{"line":108,"column":12},"end":{"line":108,"column":34}},"56":{"start":{"line":111,"column":8},"end":{"line":111,"column":22}},"57":{"start":{"line":117,"column":0},"end":{"line":123,"column":1}},"58":{"start":{"line":118,"column":16},"end":{"line":118,"column":50}},"59":{"start":{"line":119,"column":4},"end":{"line":122,"column":6}},"60":{"start":{"line":125,"column":0},"end":{"line":131,"column":1}},"61":{"start":{"line":126,"column":16},"end":{"line":126,"column":50}},"62":{"start":{"line":127,"column":4},"end":{"line":130,"column":6}},"63":{"start":{"line":133,"column":0},"end":{"line":139,"column":1}},"64":{"start":{"line":134,"column":14},"end":{"line":134,"column":22}},"65":{"start":{"line":135,"column":4},"end":{"line":135,"column":22}},"66":{"start":{"line":136,"column":4},"end":{"line":136,"column":46}},"67":{"start":{"line":138,"column":4},"end":{"line":138,"column":21}},"68":{"start":{"line":140,"column":0},"end":{"line":144,"column":1}},"69":{"start":{"line":141,"column":4},"end":{"line":142,"column":25}},"70":{"start":{"line":143,"column":4},"end":{"line":143,"column":25}}},"fnMap":{"0":{"name":"(anonymous_0)","decl":{"start":{"line":14,"column":18},"end":{"line":14,"column":19}},"loc":{"start":{"line":14,"column":32},"end":{"line":21,"column":1}},"line":14},"1":{"name":"(anonymous_1)","decl":{"start":{"line":23,"column":19},"end":{"line":23,"column":20}},"loc":{"start":{"line":23,"column":36},"end":{"line":28,"column":1}},"line":23},"2":{"name":"(anonymous_2)","decl":{"start":{"line":24,"column":24},"end":{"line":24,"column":25}},"loc":{"start":{"line":24,"column":33},"end":{"line":27,"column":5}},"line":24},"3":{"name":"(anonymous_3)","decl":{"start":{"line":30,"column":21},"end":{"line":30,"column":22}},"loc":{"start":{"line":30,"column":38},"end":{"line":37,"column":1}},"line":30},"4":{"name":"(anonymous_4)","decl":{"start":{"line":41,"column":18},"end":{"line":41,"column":19}},"loc":{"start":{"line":41,"column":36},"end":{"line":47,"column":1}},"line":41},"5":{"name":"(anonymous_5)","decl":{"start":{"line":49,"column":19},"end":{"line":49,"column":20}},"loc":{"start":{"line":49,"column":37},"end":{"line":56,"column":1}},"line":49},"6":{"name":"(anonymous_6)","decl":{"start":{"line":62,"column":16},"end":{"line":62,"column":17}},"loc":{"start":{"line":62,"column":27},"end":{"line":65,"column":1}},"line":62},"7":{"name":"(anonymous_7)","decl":{"start":{"line":68,"column":14},"end":{"line":68,"column":15}},"loc":{"start":{"line":68,"column":30},"end":{"line":84,"column":1}},"line":68},"8":{"name":"(anonymous_8)","decl":{"start":{"line":87,"column":15},"end":{"line":87,"column":16}},"loc":{"start":{"line":87,"column":31},"end":{"line":112,"column":1}},"line":87},"9":{"name":"(anonymous_9)","decl":{"start":{"line":97,"column":33},"end":{"line":97,"column":34}},"loc":{"start":{"line":97,"column":40},"end":{"line":101,"column":17}},"line":97},"10":{"name":"(anonymous_10)","decl":{"start":{"line":117,"column":19},"end":{"line":117,"column":20}},"loc":{"start":{"line":117,"column":36},"end":{"line":123,"column":1}},"line":117},"11":{"name":"(anonymous_11)","decl":{"start":{"line":125,"column":19},"end":{"line":125,"column":20}},"loc":{"start":{"line":125,"column":36},"end":{"line":131,"column":1}},"line":125},"12":{"name":"(anonymous_12)","decl":{"start":{"line":133,"column":21},"end":{"line":133,"column":22}},"loc":{"start":{"line":133,"column":37},"end":{"line":139,"column":1}},"line":133},"13":{"name":"(anonymous_13)","decl":{"start":{"line":140,"column":20},"end":{"line":140,"column":21}},"loc":{"start":{"line":140,"column":37},"end":{"line":144,"column":1}},"line":140}},"branchMap":{"0":{"loc":{"start":{"line":25,"column":8},"end":{"line":25,"column":30}},"type":"if","locations":[{"start":{"line":25,"column":8},"end":{"line":25,"column":30}},{"start":{},"end":{}}],"line":25},"1":{"loc":{"start":{"line":73,"column":8},"end":{"line":82,"column":9}},"type":"if","locations":[{"start":{"line":73,"column":8},"end":{"line":82,"column":9}},{"start":{"line":77,"column":12},"end":{"line":82,"column":9}}],"line":73},"2":{"loc":{"start":{"line":91,"column":8},"end":{"line":109,"column":9}},"type":"if","locations":[{"start":{"line":91,"column":8},"end":{"line":109,"column":9}},{"start":{"line":106,"column":13},"end":{"line":109,"column":9}}],"line":91},"3":{"loc":{"start":{"line":93,"column":12},"end":{"line":104,"column":39}},"type":"if","locations":[{"start":{"line":93,"column":12},"end":{"line":104,"column":39}},{"start":{"line":102,"column":17},"end":{"line":104,"column":39}}],"line":93},"4":{"loc":{"start":{"line":98,"column":20},"end":{"line":98,"column":40}},"type":"if","locations":[{"start":{"line":98,"column":20},"end":{"line":98,"column":40}},{"start":{},"end":{}}],"line":98}},"s":{"0":1,"1":1,"2":1,"3":1,"4":1,"5":1,"6":1,"7":0,"8":1,"9":0,"10":0,"11":0,"12":0,"13":1,"14":0,"15":0,"16":0,"17":1,"18":1,"19":0,"20":1,"21":0,"22":0,"23":0,"24":1,"25":0,"26":1,"27":0,"28":0,"29":0,"30":0,"31":0,"32":0,"33":0,"34":0,"35":0,"36":0,"37":1,"38":0,"39":0,"40":0,"41":0,"42":0,"43":0,"44":0,"45":0,"46":0,"47":0,"48":0,"49":0,"50":0,"51":0,"52":0,"53":0,"54":0,"55":0,"56":0,"57":1,"58":0,"59":0,"60":1,"61":0,"62":0,"63":1,"64":0,"65":0,"66":0,"67":0,"68":1,"69":0,"70":0},"f":{"0":0,"1":0,"2":0,"3":0,"4":1,"5":0,"6":0,"7":0,"8":0,"9":0,"10":0,"11":0,"12":0,"13":0},"b":{"0":[0,0],"1":[0,0],"2":[0,0],"3":[0,0],"4":[0,0]},"_coverageSchema":"1a1c01bbd47fc00a2c39e90264f33305004495a9","hash":"7a787fc684dd3621c1f5cb518bd1c16e8a4e4cde"}
,"C:\\Users\\Acer\\Desktop\\MyProject\\models\\admin.js": {"path":"C:\\Users\\Acer\\Desktop\\MyProject\\models\\admin.js","statementMap":{"0":{"start":{"line":1,"column":23},"end":{"line":1,"column":42}},"1":{"start":{"line":2,"column":14},"end":{"line":5,"column":2}},"2":{"start":{"line":6,"column":0},"end":{"line":6,"column":38}}},"fnMap":{},"branchMap":{},"s":{"0":1,"1":1,"2":1},"f":{},"b":{},"_coverageSchema":"1a1c01bbd47fc00a2c39e90264f33305004495a9","hash":"15f33d4dfc07409110894d1f4bdfb9aa04c357b1"}
,"C:\\Users\\Acer\\Desktop\\MyProject\\models\\info.js": {"path":"C:\\Users\\Acer\\Desktop\\MyProject\\models\\info.js","statementMap":{"0":{"start":{"line":1,"column":23},"end":{"line":1,"column":42}},"1":{"start":{"line":2,"column":16},"end":{"line":5,"column":2}},"2":{"start":{"line":6,"column":0},"end":{"line":6,"column":37}}},"fnMap":{},"branchMap":{},"s":{"0":1,"1":1,"2":1},"f":{},"b":{},"_coverageSchema":"1a1c01bbd47fc00a2c39e90264f33305004495a9","hash":"e732152fee91ead35286dd62eb0f89aa1e4eb7e5"}
,"C:\\Users\\Acer\\Desktop\\MyProject\\models\\user.js": {"path":"C:\\Users\\Acer\\Desktop\\MyProject\\models\\user.js","statementMap":{"0":{"start":{"line":1,"column":23},"end":{"line":1,"column":42}},"1":{"start":{"line":2,"column":16},"end":{"line":6,"column":2}},"2":{"start":{"line":7,"column":0},"end":{"line":7,"column":37}}},"fnMap":{},"branchMap":{},"s":{"0":1,"1":1,"2":1},"f":{},"b":{},"_coverageSchema":"1a1c01bbd47fc00a2c39e90264f33305004495a9","hash":"838db67e036565b247876c2e1eddd6d676778a33"}
}
